<?xml version="1.0" encoding="UTF-8"?>
<testsuite xmlns:xsi="http://www.w3.org/2001/XMLSchema-instance" xsi:noNamespaceSchemaLocation="https://maven.apache.org/surefire/maven-surefire-plugin/xsd/surefire-test-report-3.0.xsd" version="3.0" name="runners.TestRunner" time="11.196" tests="2" errors="0" skipped="0" failures="0">
  <properties>
[...]
</properties>
  <testcase name="Successful login with valid credentials" classname="Login functionality on SauceDemo" time="6.841">
    <system-out><![CDATA[
Scenario: Successful login with valid credentials                        # src/test/resources/features/login.feature:4
  Given I open the SauceDemo login page                                  # stepdefinitions.LoginSteps.open_login_page()
  When I login with username "standard_user" and password "secret_sauce" # stepdefinitions.LoginSteps.login(java.lang.String,java.lang.String)
  Then I should be redirected to the inventory page                      # stepdefinitions.LoginSteps.inventory_page()
]]></system-out>
    <system-err><![CDATA[Apr 17, 2025 12:10:08 PM org.openqa.selenium.devtools.CdpVersionFinder findNearestMatch
WARNING: Unable to find CDP implementation matching 135
Apr 17, 2025 12:10:08 PM org.openqa.selenium.chromium.ChromiumDriver lambda$new$5
WARNING: Unable to find version of CDP to use for 135.0.7049.86. You may need to include a dependency on a specific version of the CDP using something similar to `org.seleniumhq.selenium:selenium-devtools-v86:4.18.1` where the version ("v86") matches the version of the chromium-based browser you're using and the version number of the artifact is the same as Selenium's.
]]></system-err>
  </testcase>
  <testcase name="Unsuccessful login with invalid credentials" classname="Login functionality on SauceDemo" time="2.748">
    <system-out><![CDATA[
Scenario: Unsuccessful login with invalid credentials                     # src/test/resources/features/login.feature:9
  Given I open the SauceDemo login page                                   # stepdefinitions.LoginSteps.open_login_page()
  When I login with username "invalid_user" and password "wrong_password" # stepdefinitions.LoginSteps.login(java.lang.String,java.lang.String)
  Then I should see an error message                                      # stepdefinitions.LoginSteps.error_message()
]]></system-out>
    <system-err><![CDATA[Apr 17, 2025 12:10:11 PM org.openqa.selenium.devtools.CdpVersionFinder findNearestMatch
WARNING: Unable to find CDP implementation matching 135
Apr 17, 2025 12:10:11 PM org.openqa.selenium.chromium.ChromiumDriver lambda$new$5
WARNING: Unable to find version of CDP to use for 135.0.7049.86. You may need to include a dependency on a specific version of the CDP using something similar to `org.seleniumhq.selenium:selenium-devtools-v86:4.18.1` where the version ("v86") matches the version of the chromium-based browser you're using and the version number of the artifact is the same as Selenium's.
]]></system-err>
  </testcase>
</testsuite>